<?xml version="1.0" encoding="UTF-8"?>
<!-- Generated by org.testng.reporters.JUnitReportReporter -->
<testsuite skipped="0" hostname="DESKTOP-K1LJIP1" name="com.organization.name.SalesforceReg.com.organization.name.SalesforceReg.Naukri" tests="1" failures="0" timestamp="28 Oct 2018 15:17:48 GMT" time="32.671" errors="0">
  <testcase name="f" time="32.671" classname="com.organization.name.SalesforceReg.com.organization.name.SalesforceReg.Naukri"/>
</testsuite> <!-- com.organization.name.SalesforceReg.com.organization.name.SalesforceReg.Naukri -->
