<?xml version="1.0" encoding="UTF-8"?>
<!-- Generated by org.testng.reporters.JUnitReportReporter -->
<testsuite skipped="0" hostname="DESKTOP-K1LJIP1" name="muthu.Naukri" tests="1" failures="0" timestamp="30 Oct 2018 02:24:25 GMT" time="103.696" errors="0">
  <testcase name="f" time="103.696" classname="muthu.Naukri"/>
</testsuite> <!-- muthu.Naukri -->
