<?xml version="1.0" encoding="UTF-8"?>
<!-- Generated by org.testng.reporters.JUnitReportReporter -->
<testsuite skipped="0" hostname="DESKTOP-K1LJIP1" name="com.organization.name.SalesforceReg.CheckBox" tests="1" failures="0" timestamp="28 Oct 2018 05:49:36 GMT" time="5.814" errors="0">
  <testcase name="f" time="5.814" classname="com.organization.name.SalesforceReg.CheckBox"/>
</testsuite> <!-- com.organization.name.SalesforceReg.CheckBox -->
