<?xml version="1.0" encoding="UTF-8"?>
<!-- Generated by org.testng.reporters.JUnitReportReporter -->
<testsuite skipped="0" hostname="DESKTOP-K1LJIP1" name="com.organization.name.SalesforceReg.NewTest" tests="1" failures="0" timestamp="26 Nov 2018 17:03:21 GMT" time="59.590" errors="0">
  <testcase name="f" time="59.590" classname="com.organization.name.SalesforceReg.NewTest"/>
</testsuite> <!-- com.organization.name.SalesforceReg.NewTest -->
