<?xml version="1.0" encoding="UTF-8"?>
<!-- Generated by org.testng.reporters.JUnitReportReporter -->
<testsuite skipped="0" hostname="DESKTOP-K1LJIP1" name="google" tests="1" failures="0" timestamp="09 Dec 2018 06:56:29 GMT" time="0.767" errors="0">
  <testcase name="google" time="0.767" classname="google"/>
</testsuite> <!-- google -->
