<?xml version="1.0" encoding="UTF-8"?>
<!-- Generated by org.testng.reporters.JUnitReportReporter -->
<testsuite skipped="0" hostname="DESKTOP-K1LJIP1" name="com.organization.name.SalesforceReg.CheckBox" tests="1" failures="0" timestamp="14 Nov 2018 03:48:38 GMT" time="15.884" errors="0">
  <testcase name="f" time="15.884" classname="com.organization.name.SalesforceReg.CheckBox"/>
</testsuite> <!-- com.organization.name.SalesforceReg.CheckBox -->
